<?xml version="1.0" encoding="UTF-8"?>
<testsuite name="com.infopush.PushServer.AppTest" time="0.003" tests="1" errors="0" skipped="0" failures="0">
  <properties>
    <property name="java.runtime.name" value="Java(TM) SE Runtime Environment"/>
    <property name="sun.boot.library.path" value="F:\myecilpse2017\binary\com.sun.java.jdk8.win32.x86_64_1.8.0.v112\jre\bin"/>
    <property name="java.vm.version" value="25.112-b15"/>
    <property name="java.vm.vendor" value="Oracle Corporation"/>
    <property name="maven.multiModuleProjectDirectory" value="F:\MyEclipse 2017 CI\PushServer"/>
    <property name="java.vendor.url" value="http://java.oracle.com/"/>
    <property name="path.separator" value=";"/>
    <property name="guice.disable.misplaced.annotation.check" value="true"/>
    <property name="java.vm.name" value="Java HotSpot(TM) 64-Bit Server VM"/>
    <property name="file.encoding.pkg" value="sun.io"/>
    <property name="user.script" value=""/>
    <property name="user.country" value="CN"/>
    <property name="sun.java.launcher" value="SUN_STANDARD"/>
    <property name="sun.os.patch.level" value=""/>
    <property name="java.vm.specification.name" value="Java Virtual Machine Specification"/>
    <property name="user.dir" value="F:\MyEclipse 2017 CI\PushServer"/>
    <property name="java.runtime.version" value="1.8.0_112-b15"/>
    <property name="java.awt.graphicsenv" value="sun.awt.Win32GraphicsEnvironment"/>
    <property name="java.endorsed.dirs" value="F:\myecilpse2017\binary\com.sun.java.jdk8.win32.x86_64_1.8.0.v112\jre\lib\endorsed"/>
    <property name="os.arch" value="amd64"/>
    <property name="java.io.tmpdir" value="C:\Users\semon\AppData\Local\Temp\"/>
    <property name="line.separator" value="&#10;"/>
    <property name="java.vm.specification.vendor" value="Oracle Corporation"/>
    <property name="user.variant" value=""/>
    <property name="os.name" value="Windows 8.1"/>
    <property name="classworlds.conf" value="F:\MyEclipse 2017 CI\.metadata\.plugins\org.eclipse.m2e.launching\launches\m2conf2569432751856564732.tmp"/>
    <property name="sun.jnu.encoding" value="GBK"/>
    <property name="java.library.path" value="F:\myecilpse2017\binary\com.sun.java.jdk8.win32.x86_64_1.8.0.v112\bin;C:\Windows\Sun\Java\bin;C:\Windows\system32;C:\Windows;F:\app\semon\product\11.2.0\dbhome_1\bin;C:\Windows\system32;C:\Windows;C:\Windows\System32\Wbem;C:\Perl64\site\bin;C:\Perl64\bin;C:\Python27;C:\Python27\Scripts;C:\Program Files\Java\jdk1.8.0_51\bin;C:\ProgramData\Oracle\Java\javapath;C:\MentorGraphics\9.5PADS\SDD_HOME\common\win32\bin;C:\MentorGraphics\9.5PADS\SDD_HOME\common\win32\lib;C:\MentorGraphics\9.5PADS\MGC_HOME.ixn\bin;C:\MentorGraphics\9.5PADS\MGC_HOME.ixn\lib;C:\Program Files (x86)\NVIDIA Corporation\PhysX\Common;C:\Program Files (x86)\Intel\iCLS Client\;C:\Program Files\Intel\iCLS Client\;C:\Windows\system32;C:\Windows;C:\Windows\System32\Wbem;C:\Windows\System32\WindowsPowerShell\v1.0\;C:\Program Files\Intel\Intel(R) Management Engine Components\DAL;C:\Program Files\Intel\Intel(R) Management Engine Components\IPT;C:\Program Files (x86)\Intel\Intel(R) Management Engine Components\DAL;C:\Program Files (x86)\Intel\Intel(R) Management Engine Components\IPT;C:\Program Files\Intel\WiFi\bin\;C:\Program Files\Common Files\Intel\WirelessCommon\;C:\Program Files (x86)\Windows Live\Shared;C:\MentorGraphics\9.5PADS\SDD_HOME\CAMCAD;C:\Program Files\TortoiseSVN\bin;C:\Program Files (x86)\VisualSVN Server\bin;C:\Program Files (x86)\Microsoft SQL Server\100\Tools\Binn\;C:\Program Files\Microsoft SQL Server\100\Tools\Binn\;C:\Program Files\Microsoft SQL Server\100\DTS\Binn\;C:\Program Files (x86)\GTK2-Runtime\bin;D:\php;D:\php\ext;C:\php5;E:\mysql57\mysql\bin;C:\Program Files (x86)\Brackets\command;D:\maven\apache-maven-3.3.9\bin;E:\soft\apache-tomcat-8\apache-tomcat-8.0.36\lib;E:\soft\apache-tomcat-8\apache-tomcat-8.0.36\bin;C:\Program Files\Microsoft Network Monitor 3\;E:\apache\gradle-3.5-bin\gradle-3.5/bin;C:\Program Files\nodejs\;C:\Program Files (x86)\Git\cmd;C:\Program Files\dotnet\;C:\Program Files\NASM;E:\PYTHON\icu4c-49_1_2-src\icu\bin64;e:\qt\OpenSSL\bin;C:\Program Files (x86)\GnuWin32\bin;E:\PYTHON\icu4c-49_1_2-src\icu\bin;;C:\Ruby24-x64\bin;C:\Ruby22-x64\bin;C:\Program Files\Java\jdk1.8.0_51\bin;C:\Program Files\Java\jdk1.8.0_51\jre\bin;d:\opencv\opencv\build\x86\vc10\bin;;d:\opencv\opencv\build\x64\vc10\bin;D:\BaiduYunDownload\adt-bundle-windows-x86_64-20140624\sdk\platform-tools;E:\mysql57\mysql\bin;D:\maven\apache-maven-3.3.9\bin;C:\Python27;E:\apache\gradle-3.5-bin\gradle-3.5/bin;C:\Users\semon\AppData\Roaming\npm;."/>
    <property name="java.specification.name" value="Java Platform API Specification"/>
    <property name="java.class.version" value="52.0"/>
    <property name="sun.management.compiler" value="HotSpot 64-Bit Tiered Compilers"/>
    <property name="os.version" value="6.3"/>
    <property name="user.home" value="C:\Users\semon"/>
    <property name="user.timezone" value="Asia/Shanghai"/>
    <property name="java.awt.printerjob" value="sun.awt.windows.WPrinterJob"/>
    <property name="java.specification.version" value="1.8"/>
    <property name="file.encoding" value="GBK"/>
    <property name="user.name" value="semon"/>
    <property name="java.class.path" value="D:\maven\apache-maven-3.3.9\boot\plexus-classworlds-2.5.2.jar"/>
    <property name="java.vm.specification.version" value="1.8"/>
    <property name="sun.arch.data.model" value="64"/>
    <property name="java.home" value="F:\myecilpse2017\binary\com.sun.java.jdk8.win32.x86_64_1.8.0.v112\jre"/>
    <property name="sun.java.command" value="org.codehaus.plexus.classworlds.launcher.Launcher -B -s D:\maven\apache-maven-3.3.9\conf\settings.xml install"/>
    <property name="java.specification.vendor" value="Oracle Corporation"/>
    <property name="user.language" value="zh"/>
    <property name="awt.toolkit" value="sun.awt.windows.WToolkit"/>
    <property name="java.vm.info" value="mixed mode"/>
    <property name="java.version" value="1.8.0_112"/>
    <property name="java.ext.dirs" value="F:\myecilpse2017\binary\com.sun.java.jdk8.win32.x86_64_1.8.0.v112\jre\lib\ext;C:\Windows\Sun\Java\lib\ext"/>
    <property name="sun.boot.class.path" value="F:\myecilpse2017\binary\com.sun.java.jdk8.win32.x86_64_1.8.0.v112\jre\lib\resources.jar;F:\myecilpse2017\binary\com.sun.java.jdk8.win32.x86_64_1.8.0.v112\jre\lib\rt.jar;F:\myecilpse2017\binary\com.sun.java.jdk8.win32.x86_64_1.8.0.v112\jre\lib\sunrsasign.jar;F:\myecilpse2017\binary\com.sun.java.jdk8.win32.x86_64_1.8.0.v112\jre\lib\jsse.jar;F:\myecilpse2017\binary\com.sun.java.jdk8.win32.x86_64_1.8.0.v112\jre\lib\jce.jar;F:\myecilpse2017\binary\com.sun.java.jdk8.win32.x86_64_1.8.0.v112\jre\lib\charsets.jar;F:\myecilpse2017\binary\com.sun.java.jdk8.win32.x86_64_1.8.0.v112\jre\lib\jfr.jar;F:\myecilpse2017\binary\com.sun.java.jdk8.win32.x86_64_1.8.0.v112\jre\classes"/>
    <property name="java.vendor" value="Oracle Corporation"/>
    <property name="maven.home" value="D:\maven\apache-maven-3.3.9"/>
    <property name="file.separator" value="\"/>
    <property name="java.vendor.url.bug" value="http://bugreport.sun.com/bugreport/"/>
    <property name="sun.cpu.endian" value="little"/>
    <property name="sun.io.unicode.encoding" value="UnicodeLittle"/>
    <property name="sun.desktop" value="windows"/>
    <property name="sun.cpu.isalist" value="amd64"/>
  </properties>
  <testcase name="testApp" classname="com.infopush.PushServer.AppTest" time="0.003"/>
</testsuite>